ran this command :
ts-node  js/packages/cli/src/candy-machine-v2-cli.ts upload \
    -e devnet \
    -k ~/.config/solana/nft.json \
    -cp config.json \
    -c example \
    ./assets

--------

Result :
Beginning the upload for 2 (img+json) pairs
started at: 1642097491559
initializing candy machine
initialized config for a candy machine with publickey: 2Jiv5LQsyHpq7BJUnWGQtZRCJPGxwn7U11LfYR6qxcfk
Uploading Size 2 { mediaExt: '.png', index: '0' }
Processing asset: 0
Processing asset: 0
Processing asset: 1
Writing indices 0-1
Done. Successful = true.
ended at: 2022-01-13T18:12:15.275Z. time taken: 00:00:43
--
https://explorer.solana.com/address/2Jiv5LQsyHpq7BJUnWGQtZRCJPGxwn7U11LfYR6qxcfk?cluster=devnet

---- verify upload

ts-node  js/packages/cli/src/candy-machine-v2-cli.ts verify_upload \
    -e devnet \
    -k ~/.config/solana/nft.json \
    -c example \


---- mint one token

ts-node  js/packages/cli/src/candy-machine-v2-cli.ts mint_one_token \
    -e devnet \
    -k ~/.config/solana/nft.json \
    -c example \
